2023-10-17 11:04:35,272 [INFO] Activator:176 - 


2023-10-17 11:04:35,288 [INFO] Activator:177 - !SESSION log4j initialized
2023-10-17 11:04:38,567 [INFO] LogOutputStream:77 - [STDOUT_REDIRECT] 
2023-10-17 11:04:41,094 [INFO] ApplicationProperties:184 - Using Application install path: C:\ST\STM32CubeIDE_1.13.1\STM32CubeIDE\plugins\com.st.stm32cube.common.mx_6.9.1.202307191849
2023-10-17 11:04:41,135 [INFO] DbMcusXml:78 - Set database path to: C:\ST\STM32CubeIDE_1.13.1\STM32CubeIDE\plugins\com.st.stm32cube.common.mx_6.9.1.202307191849\\db\/mcu/
2023-10-17 11:04:41,136 [INFO] ApiDb:274 - Set plugin database path to: C:\ST\STM32CubeIDE_1.13.1\STM32CubeIDE\plugins\com.st.stm32cube.common.mx_6.9.1.202307191849\\db\/plugins/boardmanager/
2023-10-17 11:04:41,138 [WARN] ApiDb:259 - Overriding images path with different value:  => C:\ST\STM32CubeIDE_1.13.1\STM32CubeIDE\plugins\com.st.stm32cube.common.mx_6.9.1.202307191849\\db\/plugins/mcufinder/images/
2023-10-17 11:04:41,155 [INFO] ApiDb:250 - Set database path to: C:\Users\mpang\.stmcufinder\plugins\mcufinder//mcu/
2023-10-17 11:04:41,159 [INFO] DbMcusAds:125 - Set database path to: C:\Users\mpang\.stmcufinder\plugins\mcufinder//mcu/
2023-10-17 11:04:41,165 [INFO] CrossReferenceDbSqlite:203 - Set database path to: C:\Users\mpang\.stmcufinder\plugins\mcufinder//mcu/cs/
2023-10-17 11:04:41,365 [INFO] RulesReader:64 - Compatibility file has been processed (293 Rules)
2023-10-17 11:04:41,504 [INFO] DbMcusXml:78 - Set database path to: C:\ST\STM32CubeIDE_1.13.1\STM32CubeIDE\plugins\com.st.stm32cube.common.mx_6.9.1.202307191849\\db\/mcu/
2023-10-17 11:04:41,504 [INFO] ApiDb:274 - Set plugin database path to: C:\ST\STM32CubeIDE_1.13.1\STM32CubeIDE\plugins\com.st.stm32cube.common.mx_6.9.1.202307191849\\db\/plugins/boardmanager/
2023-10-17 11:04:41,505 [INFO] ApiDb:261 - Set plugin images path to: C:\ST\STM32CubeIDE_1.13.1\STM32CubeIDE\plugins\com.st.stm32cube.common.mx_6.9.1.202307191849\\db\/plugins/mcufinder/images/
2023-10-17 11:04:41,505 [WARN] DbFile:41 - Overriding database path with different value: C:\Users\mpang\.stmcufinder\plugins\mcufinder/ => C:\Users\mpang\.stmcufinder\plugins\mcufinder
2023-10-17 11:04:41,505 [INFO] ApiDb:250 - Set database path to: C:\Users\mpang\.stmcufinder\plugins\mcufinder//mcu/
2023-10-17 11:04:41,506 [WARN] DbFile:41 - Overriding database path with different value: C:\Users\mpang\.stmcufinder\plugins\mcufinder/ => C:\Users\mpang\.stmcufinder\plugins\mcufinder
2023-10-17 11:04:41,506 [INFO] DbMcusAds:125 - Set database path to: C:\Users\mpang\.stmcufinder\plugins\mcufinder//mcu/
2023-10-17 11:04:41,506 [WARN] DbFile:41 - Overriding database path with different value: C:\Users\mpang\.stmcufinder\plugins\mcufinder/ => C:\Users\mpang\.stmcufinder\plugins\mcufinder
2023-10-17 11:04:41,506 [WARN] DbFile:41 - Overriding database path with different value: C:\Users\mpang\.stmcufinder\plugins\mcufinder/ => C:\Users\mpang\.stmcufinder\plugins\mcufinder
2023-10-17 11:04:41,506 [INFO] CrossReferenceDbSqlite:203 - Set database path to: C:\Users\mpang\.stmcufinder\plugins\mcufinder//mcu/cs/
2023-10-17 11:04:41,625 [INFO] MainPanel:262 - HeapMemory: 268435456
2023-10-17 11:04:41,726 [INFO] DbMcusXml:78 - Set database path to: C:\ST\STM32CubeIDE_1.13.1\STM32CubeIDE\plugins\com.st.stm32cube.common.mx_6.9.1.202307191849\\db\/mcu/
2023-10-17 11:04:41,726 [INFO] ApiDb:274 - Set plugin database path to: C:\ST\STM32CubeIDE_1.13.1\STM32CubeIDE\plugins\com.st.stm32cube.common.mx_6.9.1.202307191849\\db\/plugins/boardmanager/
2023-10-17 11:04:41,727 [INFO] ApiDb:261 - Set plugin images path to: C:\ST\STM32CubeIDE_1.13.1\STM32CubeIDE\plugins\com.st.stm32cube.common.mx_6.9.1.202307191849\\db\/plugins/mcufinder/images/
2023-10-17 11:04:41,727 [WARN] DbFile:41 - Overriding database path with different value: C:\Users\mpang\.stmcufinder\plugins\mcufinder/ => C:\Users\mpang\.stmcufinder\plugins\mcufinder
2023-10-17 11:04:41,727 [INFO] ApiDb:250 - Set database path to: C:\Users\mpang\.stmcufinder\plugins\mcufinder//mcu/
2023-10-17 11:04:41,727 [WARN] DbFile:41 - Overriding database path with different value: C:\Users\mpang\.stmcufinder\plugins\mcufinder/ => C:\Users\mpang\.stmcufinder\plugins\mcufinder
2023-10-17 11:04:41,728 [INFO] DbMcusAds:125 - Set database path to: C:\Users\mpang\.stmcufinder\plugins\mcufinder//mcu/
2023-10-17 11:04:41,728 [WARN] DbFile:41 - Overriding database path with different value: C:\Users\mpang\.stmcufinder\plugins\mcufinder/ => C:\Users\mpang\.stmcufinder\plugins\mcufinder
2023-10-17 11:04:41,728 [WARN] DbFile:41 - Overriding database path with different value: C:\Users\mpang\.stmcufinder\plugins\mcufinder/ => C:\Users\mpang\.stmcufinder\plugins\mcufinder
2023-10-17 11:04:41,728 [INFO] CrossReferenceDbSqlite:203 - Set database path to: C:\Users\mpang\.stmcufinder\plugins\mcufinder//mcu/cs/
2023-10-17 11:04:41,762 [INFO] ApplicationProperties:184 - Using Application install path: C:\ST\STM32CubeIDE_1.13.1\STM32CubeIDE\plugins\com.st.stm32cube.common.mx_6.9.1.202307191849
2023-10-17 11:04:41,764 [INFO] PluginManage:196 - Search for loadable plugins [exclusion list=, ]
2023-10-17 11:04:41,766 [INFO] PluginManage:310 - Check plugin analytics
2023-10-17 11:04:42,022 [INFO] AnalyticsPlugin:253 - Accepted Software Licenses: 
2023-10-17 11:04:42,023 [INFO] AnalyticsPlugin:255 - Accepted CMSIS Pack Licenses: 
2023-10-17 11:04:42,023 [INFO] AnalyticsPlugin:257 - Accepted Firmware Licenses: 
2023-10-17 11:04:42,027 [INFO] PluginManage:359 - Loaded plugin analytics (category:tool,tabindex:-1)
2023-10-17 11:04:42,028 [INFO] PluginManage:310 - Check plugin cadmodel
2023-10-17 11:04:42,038 [INFO] CADModel:105 - Init CAD model plugin
2023-10-17 11:04:42,038 [INFO] PluginManage:359 - Loaded plugin cadmodel (category:power,tabindex:5)
2023-10-17 11:04:42,038 [INFO] PluginManage:310 - Check plugin clock
2023-10-17 11:04:42,060 [INFO] PluginManage:359 - Loaded plugin clock (category:base,tabindex:2)
2023-10-17 11:04:42,060 [INFO] PluginManage:310 - Check plugin ddr
2023-10-17 11:04:42,065 [INFO] PluginManage:359 - Loaded plugin ddr (category:tool,tabindex:6)
2023-10-17 11:04:42,066 [INFO] PluginManage:310 - Check plugin filemanager
2023-10-17 11:04:42,282 [INFO] PluginManage:359 - Loaded plugin filemanager (category:base,tabindex:10)
2023-10-17 11:04:42,282 [INFO] PluginManage:310 - Check plugin ipmanager
2023-10-17 11:04:42,294 [INFO] PluginManage:359 - Loaded plugin ipmanager (category:base,tabindex:5)
2023-10-17 11:04:42,294 [INFO] PluginManage:310 - Check plugin lpbam
2023-10-17 11:04:42,306 [INFO] PluginManage:359 - Loaded plugin lpbam (category:base,tabindex:0)
2023-10-17 11:04:42,306 [INFO] PluginManage:310 - Check plugin memorymap
2023-10-17 11:04:42,326 [INFO] PluginManage:359 - Loaded plugin memorymap (category:base,tabindex:4)
2023-10-17 11:04:42,326 [INFO] PluginManage:310 - Check plugin pinoutandconfiguration
2023-10-17 11:04:42,337 [INFO] PluginManage:359 - Loaded plugin pinoutandconfiguration (category:base,tabindex:1)
2023-10-17 11:04:42,337 [INFO] PluginManage:310 - Check plugin pinoutconfig
2023-10-17 11:04:42,539 [WARN] SupportedApi:132 - Cannot load RTOS API schema: s4s-elt-must-match.1: The content of 'definitions' must match (annotation?, (simpleType | complexType)?, (unique | key | keyref)*)). A problem was found starting at: attribute.
2023-10-17 11:04:42,748 [INFO] PluginManage:359 - Loaded plugin pinoutconfig (category:base,tabindex:0)
2023-10-17 11:04:42,749 [INFO] PluginManage:310 - Check plugin power
2023-10-17 11:04:42,760 [INFO] PluginManage:359 - Loaded plugin power (category:power,tabindex:4)
2023-10-17 11:04:42,761 [INFO] PluginManage:310 - Check plugin projectmanager
2023-10-17 11:04:42,781 [INFO] PluginManage:359 - Loaded plugin projectmanager (category:projectmanager,tabindex:3)
2023-10-17 11:04:42,781 [INFO] PluginManage:310 - Check plugin thirdparty
2023-10-17 11:04:42,983 [INFO] PluginManage:359 - Loaded plugin thirdparty (category:base,tabindex:-1)
2023-10-17 11:04:42,983 [WARN] IntegrityCheckThread:84 - waiting for thirdparty lock release [integrity check]
2023-10-17 11:04:42,983 [INFO] PluginManage:310 - Check plugin tools
2023-10-17 11:04:42,983 [INFO] IntegrityCheckThread:86 - entering critical section [integrity check]
2023-10-17 11:04:42,984 [INFO] ThirdPartyUpdaterWithRetryManager:70 - Updater plugin not ready yet. [1/15]
2023-10-17 11:04:42,989 [INFO] PluginManage:359 - Loaded plugin tools (category:base,tabindex:7)
2023-10-17 11:04:42,989 [INFO] PluginManage:310 - Check plugin tutovideos
2023-10-17 11:04:43,242 [INFO] PluginManage:359 - Loaded plugin tutovideos (category:base,tabindex:-1)
2023-10-17 11:04:43,242 [INFO] PluginManage:310 - Check plugin updater
2023-10-17 11:04:43,258 [INFO] PluginManage:359 - Loaded plugin updater (category:base,tabindex:12)
2023-10-17 11:04:43,259 [INFO] PluginManage:310 - Check plugin userauth
2023-10-17 11:04:43,266 [INFO] UserAuth:113 - Init User Auth plugin
2023-10-17 11:04:43,267 [INFO] PluginManage:359 - Loaded plugin userauth (category:base,tabindex:14)
2023-10-17 11:04:43,267 [INFO] PluginManage:283 - PluginManage : Loaded plugins [17]
2023-10-17 11:04:43,587 [INFO] PinOutPanel:1499 - setPackage(No Configuration,No Configuration)
2023-10-17 11:04:43,760 [INFO] CADModel:165 - CPN selected for project level
2023-10-17 11:04:43,760 [INFO] CADModel:114 - Register for checkConnection events
2023-10-17 11:04:43,791 [INFO] IPUIPlugin:80 - create IPUIPlugin
2023-10-17 11:04:43,792 [INFO] PluginManager:220 - loadIPPluginJar : add adc
2023-10-17 11:04:43,796 [INFO] IPUIPlugin:80 - create IPUIPlugin
2023-10-17 11:04:43,797 [INFO] PluginManager:220 - loadIPPluginJar : add aes
2023-10-17 11:04:43,802 [INFO] IPUIPlugin:80 - create IPUIPlugin
2023-10-17 11:04:43,802 [INFO] PluginManager:220 - loadIPPluginJar : add can
2023-10-17 11:04:43,805 [INFO] IPUIPlugin:80 - create IPUIPlugin
2023-10-17 11:04:43,805 [INFO] PluginManager:220 - loadIPPluginJar : add comp
2023-10-17 11:04:43,809 [INFO] IPUIPlugin:80 - create IPUIPlugin
2023-10-17 11:04:43,809 [INFO] PluginManager:220 - loadIPPluginJar : add cryp
2023-10-17 11:04:43,813 [INFO] IPUIPlugin:80 - create IPUIPlugin
2023-10-17 11:04:43,813 [INFO] PluginManager:220 - loadIPPluginJar : add dfsdm
2023-10-17 11:04:43,825 [INFO] IPUIPlugin:80 - create IPUIPlugin
2023-10-17 11:04:43,826 [INFO] PluginManager:220 - loadIPPluginJar : add dma
2023-10-17 11:04:43,833 [INFO] IPUIPlugin:80 - create IPUIPlugin
2023-10-17 11:04:43,833 [INFO] PluginManager:220 - loadIPPluginJar : add dma3
2023-10-17 11:04:43,836 [INFO] IPUIPlugin:80 - create IPUIPlugin
2023-10-17 11:04:43,836 [INFO] PluginManager:220 - loadIPPluginJar : add fatfs
2023-10-17 11:04:43,846 [INFO] IPUIPlugin:80 - create IPUIPlugin
2023-10-17 11:04:43,846 [INFO] PluginManager:220 - loadIPPluginJar : add fmc
2023-10-17 11:04:43,858 [INFO] IPUIPlugin:80 - create IPUIPlugin
2023-10-17 11:04:43,859 [INFO] PluginManager:220 - loadIPPluginJar : add freertos
2023-10-17 11:04:43,862 [INFO] IPUIPlugin:80 - create IPUIPlugin
2023-10-17 11:04:43,863 [INFO] PluginManager:220 - loadIPPluginJar : add genericplugin
2023-10-17 11:04:43,866 [INFO] IPUIPlugin:80 - create IPUIPlugin
2023-10-17 11:04:43,866 [INFO] PluginManager:220 - loadIPPluginJar : add gfxmmu
2023-10-17 11:04:43,875 [INFO] IPUIPlugin:80 - create IPUIPlugin
2023-10-17 11:04:43,875 [INFO] PluginManager:220 - loadIPPluginJar : add gic
2023-10-17 11:04:43,882 [INFO] IPUIPlugin:80 - create IPUIPlugin
2023-10-17 11:04:43,883 [INFO] PluginManager:220 - loadIPPluginJar : add gpio
2023-10-17 11:04:43,888 [INFO] IPUIPlugin:80 - create IPUIPlugin
2023-10-17 11:04:43,888 [INFO] PluginManager:220 - loadIPPluginJar : add gtzc
2023-10-17 11:04:43,892 [INFO] IPUIPlugin:80 - create IPUIPlugin
2023-10-17 11:04:43,893 [INFO] PluginManager:220 - loadIPPluginJar : add hash
2023-10-17 11:04:43,896 [INFO] IPUIPlugin:80 - create IPUIPlugin
2023-10-17 11:04:43,897 [INFO] PluginManager:220 - loadIPPluginJar : add i2c
2023-10-17 11:04:43,901 [INFO] IPUIPlugin:80 - create IPUIPlugin
2023-10-17 11:04:43,901 [INFO] PluginManager:220 - loadIPPluginJar : add i2s
2023-10-17 11:04:43,905 [INFO] IPUIPlugin:80 - create IPUIPlugin
2023-10-17 11:04:43,905 [INFO] PluginManager:220 - loadIPPluginJar : add i3c
2023-10-17 11:04:43,910 [INFO] IPUIPlugin:80 - create IPUIPlugin
2023-10-17 11:04:43,910 [INFO] PluginManager:220 - loadIPPluginJar : add ipddr
2023-10-17 11:04:43,923 [INFO] IPUIPlugin:80 - create IPUIPlugin
2023-10-17 11:04:43,924 [INFO] PluginManager:220 - loadIPPluginJar : add linkedlist
2023-10-17 11:04:43,929 [INFO] IPUIPlugin:80 - create IPUIPlugin
2023-10-17 11:04:43,929 [INFO] PluginManager:220 - loadIPPluginJar : add lorawan
2023-10-17 11:04:43,932 [INFO] IPUIPlugin:80 - create IPUIPlugin
2023-10-17 11:04:43,932 [INFO] PluginManager:220 - loadIPPluginJar : add ltdc
2023-10-17 11:04:43,942 [INFO] IPUIPlugin:80 - create IPUIPlugin
2023-10-17 11:04:43,942 [INFO] PluginManager:220 - loadIPPluginJar : add mdma
2023-10-17 11:04:43,948 [INFO] IPUIPlugin:80 - create IPUIPlugin
2023-10-17 11:04:43,948 [INFO] PluginManager:220 - loadIPPluginJar : add nvic
2023-10-17 11:04:43,954 [INFO] IPUIPlugin:80 - create IPUIPlugin
2023-10-17 11:04:43,954 [INFO] PluginManager:220 - loadIPPluginJar : add opamp
2023-10-17 11:04:43,958 [INFO] IPUIPlugin:80 - create IPUIPlugin
2023-10-17 11:04:43,959 [INFO] PluginManager:220 - loadIPPluginJar : add openamp
2023-10-17 11:04:43,964 [INFO] IPUIPlugin:80 - create IPUIPlugin
2023-10-17 11:04:43,964 [INFO] PluginManager:220 - loadIPPluginJar : add pdm2pcm
2023-10-17 11:04:43,973 [INFO] IPUIPlugin:80 - create IPUIPlugin
2023-10-17 11:04:43,977 [INFO] PluginManager:220 - loadIPPluginJar : add plateformsettings
2023-10-17 11:04:43,979 [INFO] IPUIPlugin:80 - create IPUIPlugin
2023-10-17 11:04:43,980 [INFO] PluginManager:220 - loadIPPluginJar : add quadspi
2023-10-17 11:04:43,986 [INFO] IPUIPlugin:80 - create IPUIPlugin
2023-10-17 11:04:43,986 [INFO] PluginManager:220 - loadIPPluginJar : add resmgrutility
2023-10-17 11:04:43,991 [INFO] IPUIPlugin:80 - create IPUIPlugin
2023-10-17 11:04:43,991 [INFO] PluginManager:220 - loadIPPluginJar : add sai
2023-10-17 11:04:43,995 [INFO] IPUIPlugin:80 - create IPUIPlugin
2023-10-17 11:04:43,996 [INFO] PluginManager:220 - loadIPPluginJar : add spi
2023-10-17 11:04:44,004 [INFO] IPUIPlugin:80 - create IPUIPlugin
2023-10-17 11:04:44,004 [INFO] PluginManager:220 - loadIPPluginJar : add stm32_wpan
2023-10-17 11:04:44,007 [INFO] IPUIPlugin:80 - create IPUIPlugin
2023-10-17 11:04:44,007 [INFO] PluginManager:220 - loadIPPluginJar : add tim
2023-10-17 11:04:44,012 [INFO] IPUIPlugin:80 - create IPUIPlugin
2023-10-17 11:04:44,012 [INFO] PluginManager:220 - loadIPPluginJar : add touchsensing
2023-10-17 11:04:44,015 [INFO] IPUIPlugin:80 - create IPUIPlugin
2023-10-17 11:04:44,015 [INFO] PluginManager:220 - loadIPPluginJar : add tracer_emb
2023-10-17 11:04:44,018 [INFO] IPUIPlugin:80 - create IPUIPlugin
2023-10-17 11:04:44,018 [INFO] PluginManager:220 - loadIPPluginJar : add ts
2023-10-17 11:04:44,020 [INFO] IPUIPlugin:80 - create IPUIPlugin
2023-10-17 11:04:44,020 [INFO] PluginManager:220 - loadIPPluginJar : add tsc
2023-10-17 11:04:44,023 [INFO] IPUIPlugin:80 - create IPUIPlugin
2023-10-17 11:04:44,023 [INFO] PluginManager:220 - loadIPPluginJar : add ucpd
2023-10-17 11:04:44,028 [INFO] IPUIPlugin:80 - create IPUIPlugin
2023-10-17 11:04:44,028 [INFO] PluginManager:220 - loadIPPluginJar : add usart
2023-10-17 11:04:44,033 [INFO] IPUIPlugin:80 - create IPUIPlugin
2023-10-17 11:04:44,033 [INFO] PluginManager:220 - loadIPPluginJar : add usbx
2023-10-17 11:04:44,198 [INFO] CADModel:165 - CPN selected for project level
2023-10-17 11:04:44,198 [INFO] CADModel:114 - Register for checkConnection events
2023-10-17 11:04:44,199 [FATAL] Updater:308 - Updater called before beeing initialized
2023-10-17 11:04:44,199 [ERROR] CADModel:125 - Updater not yet initialized, retry later 
2023-10-17 11:04:44,396 [INFO] CADModel:165 - CPN selected for project level
2023-10-17 11:04:44,396 [INFO] CADModel:114 - Register for checkConnection events
2023-10-17 11:04:44,396 [FATAL] Updater:308 - Updater called before beeing initialized
2023-10-17 11:04:44,396 [ERROR] CADModel:125 - Updater not yet initialized, retry later 
2023-10-17 11:04:44,402 [FATAL] Updater:308 - Updater called before beeing initialized
2023-10-17 11:04:44,586 [FATAL] Updater:308 - Updater called before beeing initialized
2023-10-17 11:04:44,594 [INFO] DbMcusAds:53 - JSON generation date=Tue Mar 07 10:50:55 SAST 2023 (1678179055114)
2023-10-17 11:04:44,594 [FATAL] Updater:308 - Updater called before beeing initialized
2023-10-17 11:04:44,641 [WARN] DetailPanel:346 - Failed to get advertising image, set to default
2023-10-17 11:04:44,757 [FATAL] Updater:308 - Updater called before beeing initialized
2023-10-17 11:04:44,759 [FATAL] Updater:308 - Updater called before beeing initialized
2023-10-17 11:04:44,760 [FATAL] Updater:308 - Updater called before beeing initialized
2023-10-17 11:04:44,760 [WARN] DetailPanel:346 - Failed to get advertising image, set to default
2023-10-17 11:04:44,761 [FATAL] Updater:308 - Updater called before beeing initialized
2023-10-17 11:04:44,825 [ERROR] Updater:1120 - MainUpdater not yet initialized. External WinMGr cannot be set.
2023-10-17 11:04:44,828 [INFO] Updater:1056 - Updater Version found : 6.9.1
2023-10-17 11:04:44,857 [INFO] ApplicationProperties:184 - Using Application install path: C:\ST\STM32CubeIDE_1.13.1\STM32CubeIDE\plugins\com.st.stm32cube.common.mx_6.9.1.202307191849
2023-10-17 11:04:45,021 [INFO] MainUpdater:2868 - connection check result : 10
2023-10-17 11:04:45,023 [INFO] MainUpdater:285 - Updater Check For Update Now.
2023-10-17 11:04:45,023 [INFO] MicroXplorer:498 - Change Database Version : DB.6.0.91
2023-10-17 11:04:45,032 [INFO] McuFinderGlobals:63 - Set McuFinder mode to 2 (CubeIDE integrated)
2023-10-17 11:04:45,233 [INFO] CheckServerUpdateThread:120 - End of CheckServer Thread
2023-10-17 11:04:46,201 [WARN] PackLoader:240 - Cannot read IP mode file for STMicroelectronics.X-CUBE-SMBUS.2.1.0
2023-10-17 11:04:46,285 [WARN] PackLoader:240 - Cannot read IP mode file for STMicroelectronics.X-CUBE-AZRTOS-F7.1.1.0
2023-10-17 11:04:46,305 [WARN] PackLoader:240 - Cannot read IP mode file for STMicroelectronics.FP-SNS-MOTENV1.4.3.2
2023-10-17 11:04:46,317 [WARN] PackLoader:240 - Cannot read IP mode file for STMicroelectronics.FP-SNS-FLIGHT1.5.0.2
2023-10-17 11:04:46,340 [WARN] PackLoader:240 - Cannot read IP mode file for STMicroelectronics.X-CUBE-DISPLAY.3.0.0
2023-10-17 11:04:46,385 [WARN] PackLoader:240 - Cannot read IP mode file for STMicroelectronics.X-CUBE-BLE1.7.0.0
2023-10-17 11:04:46,408 [WARN] PackLoader:240 - Cannot read IP mode file for emotas.I-CUBE-CANOPEN.1.3.0
2023-10-17 11:04:46,431 [WARN] PackLoader:240 - Cannot read IP mode file for STMicroelectronics.X-CUBE-TOUCHGFX.4.22.0
2023-10-17 11:04:46,442 [WARN] PackLoader:240 - Cannot read IP mode file for STMicroelectronics.X-CUBE-TOUCHGFX.4.22.1
2023-10-17 11:04:46,460 [WARN] PackLoader:240 - Cannot read IP mode file for STMicroelectronics.FP-SNS-SMARTAG2.1.2.0
2023-10-17 11:04:46,496 [INFO] LogOutputStream:77 - [STDOUT_REDIRECT] 1 : Invalid condition id : UX_CORESTACK_Condition cause : null
2023-10-17 11:04:46,497 [INFO] LogOutputStream:77 - [STDOUT_REDIRECT] 1 : Invalid condition id : UX_CORESTACK_Condition cause : null
2023-10-17 11:04:46,499 [INFO] LogOutputStream:77 - [STDOUT_REDIRECT] 1 : Invalid condition id : UX_CORESTACK_Condition cause : null
2023-10-17 11:04:46,500 [INFO] LogOutputStream:77 - [STDOUT_REDIRECT] 1 : Invalid condition id : UX_CORESTACK_Condition cause : null
2023-10-17 11:04:46,501 [INFO] LogOutputStream:77 - [STDOUT_REDIRECT] 1 : Invalid condition id : UX_CORESTACK_Condition cause : null
2023-10-17 11:04:46,508 [WARN] PackLoader:240 - Cannot read IP mode file for STMicroelectronics.X-CUBE-AZRTOS-WL.2.0.0
2023-10-17 11:04:46,525 [WARN] PackLoader:240 - Cannot read IP mode file for WES.I-CUBE-Cesium.1.3.0
2023-10-17 11:04:46,536 [WARN] PackLoader:240 - Cannot read IP mode file for STMicroelectronics.X-CUBE-BLE2.3.3.0
2023-10-17 11:04:46,548 [WARN] PackLoader:240 - Cannot read IP mode file for STMicroelectronics.X-CUBE-ALGOBUILD.1.3.0
2023-10-17 11:04:46,587 [WARN] PackLoader:240 - Cannot read IP mode file for STMicroelectronics.X-CUBE-AZRTOS-G0.1.1.0
2023-10-17 11:04:46,601 [WARN] PackLoader:240 - Cannot read IP mode file for STMicroelectronics.X-CUBE-NFC4.3.0.0
2023-10-17 11:04:46,610 [WARN] PackLoader:240 - Cannot read IP mode file for STMicroelectronics.FP-ATR-SIGFOX1.3.2.0
2023-10-17 11:04:46,681 [WARN] PackLoader:240 - Cannot read IP mode file for SEGGER.I-CUBE-embOS.1.3.1
2023-10-17 11:04:46,736 [WARN] PackLoader:240 - Cannot read IP mode file for STMicroelectronics.X-CUBE-GNSS1.6.0.0
2023-10-17 11:04:46,775 [WARN] PackLoader:240 - Cannot read IP mode file for STMicroelectronics.X-CUBE-AZRTOS-F4.1.1.0
2023-10-17 11:04:46,792 [WARN] PackLoader:240 - Cannot read IP mode file for wolfSSL.I-CUBE-wolfSSL.5.6.3
2023-10-17 11:04:46,843 [WARN] PackLoader:240 - Cannot read IP mode file for STMicroelectronics.X-CUBE-AZRTOS-L5.2.0.0
2023-10-17 11:04:46,908 [WARN] PackLoader:240 - Cannot read IP mode file for STMicroelectronics.X-CUBE-MEMS1.9.6.0
2023-10-17 11:04:47,071 [WARN] PackLoader:240 - Cannot read IP mode file for ITTIA_DB.I-CUBE-ITTIADB.8.8.0
2023-10-17 11:04:47,092 [WARN] PackLoader:240 - Cannot read IP mode file for STMicroelectronics.X-CUBE-BLEMGR.2.0.0
2023-10-17 11:04:47,119 [WARN] ConditionMgr:438 - getConditionDescription Invalid condition id : UX DEVICE CLASS RTOS Condition cause : null
2023-10-17 11:04:47,119 [WARN] ConditionMgr:438 - getConditionDescription Invalid condition id : UX DEVICE CLASS RTOS Condition cause : null
2023-10-17 11:04:47,126 [WARN] PackLoader:240 - Cannot read IP mode file for STMicroelectronics.X-CUBE-AZRTOS-H7.3.1.0
2023-10-17 11:04:47,128 [WARN] ConditionMgr:1039 - genDependencies : Invalid condition id : UX DEVICE CLASS RTOS Condition cause : null
2023-10-17 11:04:47,129 [WARN] ConditionMgr:1039 - genDependencies : Invalid condition id : UX DEVICE CLASS RTOS Condition cause : null
2023-10-17 11:04:47,130 [WARN] ConditionMgr:1039 - genDependencies : Invalid condition id : UX DEVICE CLASS RTOS Condition cause : null
2023-10-17 11:04:47,130 [WARN] ConditionMgr:1039 - genDependencies : Invalid condition id : UX DEVICE CLASS RTOS Condition cause : null
2023-10-17 11:04:47,130 [WARN] ConditionMgr:1039 - genDependencies : Invalid condition id : UX DEVICE CLASS RTOS Condition cause : null
2023-10-17 11:04:47,141 [WARN] PackLoader:240 - Cannot read IP mode file for STMicroelectronics.X-CUBE-NFC7.1.0.1
2023-10-17 11:04:47,150 [WARN] PackLoader:240 - Cannot read IP mode file for STMicroelectronics.X-CUBE-NFC6.3.0.0
2023-10-17 11:04:47,162 [WARN] PackLoader:240 - Cannot read IP mode file for STMicroelectronics.X-CUBE-EEPRMA1.4.1.0
2023-10-17 11:04:47,171 [WARN] PackLoader:240 - Cannot read IP mode file for STMicroelectronics.X-CUBE-AI.8.1.0
2023-10-17 11:04:47,193 [WARN] ConditionMgr:438 - getConditionDescription Invalid condition id : LAN8742 Phy interface Condition cause : null
2023-10-17 11:04:47,194 [WARN] PackLoader:240 - Cannot read IP mode file for STMicroelectronics.X-CUBE-AZRTOS-L4.2.0.0
2023-10-17 11:04:47,195 [WARN] ConditionMgr:1039 - genDependencies : Invalid condition id : LAN8742 Phy interface Condition cause : null
2023-10-17 11:04:47,195 [WARN] ConditionMgr:1039 - genDependencies : Invalid condition id : LAN8742 Phy interface Condition cause : null
2023-10-17 11:04:47,196 [WARN] ConditionMgr:1039 - genDependencies : Invalid condition id : LAN8742 Phy interface Condition cause : null
2023-10-17 11:04:47,210 [WARN] PackLoader:240 - Cannot read IP mode file for STMicroelectronics.X-CUBE-SFXS2LP1.4.0.0
2023-10-17 11:04:47,223 [WARN] PackLoader:240 - Cannot read IP mode file for STMicroelectronics.X-CUBE-ISPU.1.1.0
2023-10-17 11:04:47,243 [WARN] ConditionMgr:438 - getConditionDescription Invalid condition id : UX DEVICE CLASS RTOS Condition cause : null
2023-10-17 11:04:47,244 [WARN] ConditionMgr:438 - getConditionDescription Invalid condition id : UX DEVICE CLASS RTOS Condition cause : null
2023-10-17 11:04:47,248 [WARN] PackLoader:240 - Cannot read IP mode file for STMicroelectronics.X-CUBE-AZRTOS-WB.2.0.0
2023-10-17 11:04:47,249 [WARN] ConditionMgr:1039 - genDependencies : Invalid condition id : UX DEVICE CLASS RTOS Condition cause : null
2023-10-17 11:04:47,250 [WARN] ConditionMgr:1039 - genDependencies : Invalid condition id : UX DEVICE CLASS RTOS Condition cause : null
2023-10-17 11:04:47,251 [WARN] ConditionMgr:1039 - genDependencies : Invalid condition id : UX DEVICE CLASS RTOS Condition cause : null
2023-10-17 11:04:47,252 [WARN] ConditionMgr:1039 - genDependencies : Invalid condition id : UX DEVICE CLASS RTOS Condition cause : null
2023-10-17 11:04:47,252 [WARN] ConditionMgr:1039 - genDependencies : Invalid condition id : UX DEVICE CLASS RTOS Condition cause : null
2023-10-17 11:04:47,272 [WARN] PackLoader:240 - Cannot read IP mode file for STMicroelectronics.X-CUBE-SUBG2.5.0.0
2023-10-17 11:04:47,289 [WARN] PackLoader:240 - Cannot read IP mode file for STMicroelectronics.X-CUBE-TOF1.3.3.1
2023-10-17 11:04:47,313 [WARN] PackLoader:240 - Cannot read IP mode file for STMicroelectronics.X-CUBE-AZRTOS-G4.2.0.0
2023-10-17 11:04:47,328 [WARN] PackLoader:240 - Cannot read IP mode file for Infineon.AIROC-Wi-Fi-Bluetooth-STM32.1.5.1
2023-10-17 11:04:47,339 [WARN] PackLoader:240 - Cannot read IP mode file for STMicroelectronics.X-CUBE-FREERTOS.1.1.0
2023-10-17 11:04:47,346 [WARN] PackLoader:240 - Cannot read IP mode file for portGmbH.I-Cube-SoM-uGOAL.1.1.0
2023-10-17 11:04:47,352 [WARN] PackLoader:240 - Cannot read IP mode file for STMicroelectronics.X-CUBE-ALS.1.0.1
2023-10-17 11:04:47,358 [WARN] PackLoader:240 - Cannot read IP mode file for STMicroelectronics.FP-ATR-ASTRA1.2.0.0
2023-10-17 11:04:47,359 [INFO] ThirdParty:978 - Integrity check success = true
2023-10-17 11:04:47,360 [INFO] IntegrityCheckThread:100 - exiting critical section [integrity check]
2023-10-17 11:04:47,360 [INFO] IntegrityCheckThread:103 - End integrity checks thread
2023-10-17 11:05:07,055 [ERROR] LogOutputStream:75 - [STDERR_REDIRECT] SLF4J: Failed to load class "org.slf4j.impl.StaticLoggerBinder".
2023-10-17 11:05:07,056 [ERROR] LogOutputStream:75 - [STDERR_REDIRECT] SLF4J: Defaulting to no-operation (NOP) logger implementation
2023-10-17 11:05:07,057 [ERROR] LogOutputStream:75 - [STDERR_REDIRECT] SLF4J: See http://www.slf4j.org/codes.html#StaticLoggerBinder for further details.
2023-10-17 11:06:25,914 [INFO] McuFinderGlobals:63 - Set McuFinder mode to 2 (CubeIDE integrated)
2023-10-17 11:06:28,031 [INFO] MainUpdater:2868 - connection check result : 10
2023-10-17 11:06:28,034 [INFO] MainUpdater:2868 - connection check result : 10
2023-10-17 11:06:28,124 [INFO] MicroXplorer:468 - Change Database Path : 
2023-10-17 11:06:28,125 [INFO] MicroXplorer:498 - Change Database Version : DB.6.0.91
2023-10-17 11:06:28,135 [WARN] ThirdParty:871 - waiting for thirdparty lock release [close project]
2023-10-17 11:06:28,135 [INFO] ThirdParty:873 - entering critical section [close project]
2023-10-17 11:06:28,139 [INFO] ThirdParty:883 - exiting critical section [close project]
2023-10-17 11:06:28,145 [INFO] PinOutPanel:1499 - setPackage(No Configuration,No Configuration)
2023-10-17 11:06:28,159 [INFO] UtilMem:75 - Begin LoadConfig() Used Memory: 527006056 Bytes (827326464)
2023-10-17 11:06:28,181 [INFO] MicroXplorer:468 - Change Database Path : C:/Users/mpang/.stm32cubemx/databases/DB.6.0.81/db/
2023-10-17 11:06:28,182 [INFO] MicroXplorer:498 - Change Database Version : DB.6.0.81
2023-10-17 11:06:30,968 [INFO] OpenFileManager:308 - Change cursor
2023-10-17 11:06:31,010 [INFO] Mcu:1946 - Initializing MCU STM32F051C6Tx STM32F051C6Tx STM32F051C6T6
2023-10-17 11:06:32,974 [INFO] Context:659 - Trying to add GPIOservice into a context  which must be forbidden
2023-10-17 11:06:33,648 [INFO] RtosManager:555 - Registered RTOS mode: class=CMSIS, group=RTOS, mode=CMSIS_V1, owner=FREERTOS
2023-10-17 11:06:33,648 [INFO] RtosManager:555 - Registered RTOS mode: class=CMSIS, group=RTOS2, mode=CMSIS_V2, owner=FREERTOS
2023-10-17 11:06:33,649 [INFO] RtosManager:555 - Registered RTOS mode: class=RTOS, group=Core, mode=CMSIS_V1, owner=FREERTOS
2023-10-17 11:06:33,649 [INFO] RtosManager:555 - Registered RTOS mode: class=RTOS, group=Core, mode=CMSIS_V2, owner=FREERTOS
2023-10-17 11:06:33,649 [WARN] ModelIntegratedComponent:184 - Missing modes for component STMicroelectronics:FreeRTOS:0.0.1:STMicroelectronics:RTOS:FreeRTOS:Core:::10.2.0:
2023-10-17 11:06:33,673 [WARN] ModelIntegratedComponent:63 - No mode defined for component null
2023-10-17 11:06:33,673 [WARN] ModelIntegratedComponent:63 - No mode defined for component null
2023-10-17 11:06:33,673 [WARN] ModelIntegratedComponent:63 - No mode defined for component null
2023-10-17 11:06:33,673 [WARN] ModelIntegratedComponent:63 - No mode defined for component null
2023-10-17 11:06:33,673 [WARN] ModelIntegratedComponent:63 - No mode defined for component null
2023-10-17 11:06:33,673 [WARN] ModelIntegratedComponent:63 - No mode defined for component null
2023-10-17 11:06:33,673 [WARN] ModelIntegratedComponent:63 - No mode defined for component null
2023-10-17 11:06:33,673 [WARN] ModelIntegratedComponent:63 - No mode defined for component null
2023-10-17 11:06:33,673 [WARN] ModelIntegratedComponent:63 - No mode defined for component null
2023-10-17 11:06:33,674 [WARN] ModelIntegratedComponent:63 - No mode defined for component null
2023-10-17 11:06:33,674 [WARN] ModelIntegratedComponent:63 - No mode defined for component null
2023-10-17 11:06:33,674 [WARN] ModelIntegratedComponent:63 - No mode defined for component null
2023-10-17 11:06:33,674 [WARN] ModelIntegratedComponent:63 - No mode defined for component null
2023-10-17 11:06:33,674 [WARN] ModelIntegratedComponent:63 - No mode defined for component null
2023-10-17 11:06:33,674 [WARN] ModelIntegratedComponent:63 - No mode defined for component null
2023-10-17 11:06:33,674 [WARN] ModelIntegratedComponent:63 - No mode defined for component null
2023-10-17 11:06:33,674 [WARN] ModelIntegratedComponent:63 - No mode defined for component null
2023-10-17 11:06:33,674 [WARN] ModelIntegratedComponent:63 - No mode defined for component null
2023-10-17 11:06:33,674 [WARN] ModelIntegratedComponent:63 - No mode defined for component null
2023-10-17 11:06:33,674 [WARN] ModelIntegratedComponent:63 - No mode defined for component null
2023-10-17 11:06:33,674 [WARN] ModelIntegratedComponent:63 - No mode defined for component null
2023-10-17 11:06:33,675 [WARN] ModelIntegratedComponent:63 - No mode defined for component null
2023-10-17 11:06:33,675 [WARN] ModelIntegratedComponent:63 - No mode defined for component null
2023-10-17 11:06:33,675 [WARN] ModelIntegratedComponent:63 - No mode defined for component null
2023-10-17 11:06:33,675 [WARN] ModelIntegratedComponent:63 - No mode defined for component null
2023-10-17 11:06:33,675 [WARN] ModelIntegratedComponent:63 - No mode defined for component null
2023-10-17 11:06:33,675 [WARN] ModelIntegratedComponent:63 - No mode defined for component null
2023-10-17 11:06:33,675 [WARN] ModelIntegratedComponent:63 - No mode defined for component null
2023-10-17 11:06:33,675 [WARN] ModelIntegratedComponent:63 - No mode defined for component null
2023-10-17 11:06:33,675 [WARN] ModelIntegratedComponent:63 - No mode defined for component null
2023-10-17 11:06:33,675 [WARN] ModelIntegratedComponent:63 - No mode defined for component null
2023-10-17 11:06:33,676 [WARN] ModelIntegratedComponent:63 - No mode defined for component null
2023-10-17 11:06:33,676 [WARN] ModelIntegratedComponent:63 - No mode defined for component null
2023-10-17 11:06:33,706 [INFO] ThirdPartyModel:298 - Start build external matchings
2023-10-17 11:06:34,085 [INFO] ThirdPartyModel:316 - End build external matchings
2023-10-17 11:06:34,111 [INFO] ImportTextPane:194 - (OptionalMessage_ERROR) IP (RCC) : Invalid parameter (FamilyName)
2023-10-17 11:06:34,111 [INFO] ImportTextPane:194 - (OptionalMessage_ERROR) IP (RCC) : Invalid parameter (HSICECFreq_Value)
2023-10-17 11:06:34,449 [INFO] UtilMem:75 - End LoadConfig() Used Memory: 671379672 Bytes (1037041664)
2023-10-17 11:06:34,594 [INFO] ApiDb:581 - Connected to CubeFinder SQLite database (C:\Users\mpang\.stmcufinder\plugins\mcufinder\mcu\cube-finder-db.db)
2023-10-17 11:06:34,710 [INFO] ApiDb:668 - CubeFinder database Data Model version=2.1
2023-10-17 11:06:34,710 [INFO] ApiDb:669 - CubeFinder database Configuration version=3.0.37
2023-10-17 11:06:34,711 [INFO] ApiDb:670 - CubeFinder database generation date=2023-08-09 (1691586011)
2023-10-17 11:06:34,711 [INFO] ApiDb:671 - CubeFinder database FW Pack versions=[FP-ATR-ASTRA1_V2.0.0, FP-SNS-FLIGHT1_V5.0.1, FP-SNS-FLIGHT1_V5.0.2, FP-SNS-MOTENV1_V4.3.1, FP-SNS-MOTENV1_V4.3.2, STM32Cube_FW_C0_V1.1.0, STM32Cube_FW_F4_V1.27.1, STM32Cube_FW_F7_V1.17.0, STM32Cube_FW_G0_V1.6.1, STM32Cube_FW_G4_V1.5.1, STM32Cube_FW_H5_V0.5.1, STM32Cube_FW_H5_V1.1.0, STM32Cube_FW_H7_V1.11.0, STM32Cube_FW_L0_V1.12.2, STM32Cube_FW_L5_V1.5.0, STM32Cube_FW_U5_V1.3.0, STM32Cube_FW_U5_V1.3.0RC4, STM32Cube_FW_WBA_V1.0.0RC1, STM32Cube_FW_WBA_V1.1.0, STM32Cube_FW_WBA_V1.1.0RC1, STM32Cube_FW_WB_V1.15.0RC1, STM32Cube_FW_WB_V1.16.0, STM32Cube_FW_WB_V1.16.0RC2, STM32Cube_FW_WB_V1.17.0, STM32Cube_FW_WL_V1.3.0, X-CUBE-ALGOBUILD_V1.3.0, X-CUBE-ALS_V1.0.1, X-CUBE-AZRTOS-F4_V1.1.0, X-CUBE-AZRTOS-F7_V1.1.0, X-CUBE-AZRTOS-G0_V1.1.0, X-CUBE-AZRTOS-G4_V2.0.0, X-CUBE-AZRTOS-H7_V3.1.0, X-CUBE-AZRTOS-L4_V1.0.0, X-CUBE-AZRTOS-L4_V2.0.0, X-CUBE-AZRTOS-L5_V1.1.0, X-CUBE-AZRTOS-WB_V1.1.0, X-CUBE-AZRTOS-WL_V2.0.0, X-CUBE-BLE1_V7.0.0, X-CUBE-BLE2_V3.3.0, X-CUBE-BLEMGR_V2.0.0, X-CUBE-EEPRMA1_V4.1.0, X-CUBE-FREERTOS_V1.1.0, X-CUBE-GNSS1_V6.0.0, X-CUBE-MEMS1_V9.1.0, X-CUBE-MEMS1_V9.4.0, X-CUBE-MEMS1_V9.6.0, X-CUBE-NFC4_V3.0.0, X-CUBE-NFC7_V1.0.0, X-CUBE-SFXS2LP1_V4.0.0, X-CUBE-SUBG2_V5.0.0, X-CUBE-TOF1_V3.3.1]
2023-10-17 11:06:37,944 [INFO] ApiDb:240 - Found 323 in-development CPN: [B-G473E-ZEST1S, B-WB1M-WPAN1, B-WL5M-SUBG1, NUCLEO-C031C6, NUCLEO-H503RB, NUCLEO-H563ZI, NUCLEO-U545RE-Q, NUCLEO-U5A5ZJ-Q, NUCLEO-WBA52CG, STEVAL-PROTEUS1, STEVAL-SMARTAG2, STEVAL-STWINBX1, STM320518-EVAL, STM32C0116-DK, STM32C011D6Y3TR, STM32C011D6Y6TR, STM32C011F4P3, STM32C011F4P6, STM32C011F4U3, STM32C011F4U6TR, STM32C011F6P3, STM32C011F6P6, STM32C011F6U3, STM32C011F6U6TR, STM32C011J4M3, STM32C011J4M6, STM32C011J6M3, STM32C011J6M6, STM32C0316-DK, STM32C031C4T3, STM32C031C4T6, STM32C031C4U3, STM32C031C4U6, STM32C031C6T3, STM32C031C6T6, STM32C031C6U3, STM32C031C6U6, STM32C031F4P3, STM32C031F4P6, STM32C031F6P3, STM32C031F6P6, STM32C031G4U3, STM32C031G4U6, STM32C031G6U3, STM32C031G6U6, STM32C031K4T3, STM32C031K4T6, STM32C031K4U3, STM32C031K4U6, STM32C031K6T3, STM32C031K6T6, STM32C031K6U3, STM32C031K6U6, STM32G071K8TXN, STM32G071K8UXN, STM32G081GBU6N, STM32G081KBT6N, STM32G081KBUXN, STM32G0B1CCT6N, STM32G0B1KCT6, STM32G0B1NEY6TR, STM32G0B1RCT6N, STM32G0C1CCT6, STM32G0C1CCT6N, STM32G0C1CCU6N, STM32G0C1CET6N, STM32G0C1CEU6N, STM32G0C1KCT6, STM32G0C1NEY6TR, STM32G0C1RCI6N, STM32G0C1RCT6N, STM32G0C1REI6N, STM32G0C1RET6N, STM32G0C1VCI6, STM32G0C1VEI6, STM32G471CCT6, STM32G471CCU6, STM32G471CET3, STM32G471CET6, STM32G471CEU3, STM32G471CEU6, STM32G471MCT6, STM32G471MET3, STM32G471MET6, STM32G471MEY6TR, STM32G471QCT6, STM32G471QET3, STM32G471RCT6, STM32G471RET3, STM32G471RET6, STM32G471VCH6, STM32G471VCI6, STM32G471VCT6, STM32G471VEH3, STM32G471VEH6, STM32G471VEI3, STM32G471VEI6, STM32G471VET3, STM32G471VET6, STM32G474CCT6, STM32H503CBT6, STM32H503CBU6, STM32H503EBY6TR, STM32H503KBU6, STM32H503RBT6, STM32H562AGI6, STM32H562AII6, STM32H562IGK6, STM32H562IGT6, STM32H562IIK6, STM32H562IIT6, STM32H562RGT6, STM32H562RGV6, STM32H562RIT6, STM32H562RIV6, STM32H562VGT6, STM32H562VIT6, STM32H562ZGT6, STM32H562ZIT6, STM32H563AGI6, STM32H563AII3Q, STM32H563AII6, STM32H563IGK6, STM32H563IGT6, STM32H563IIK3Q, STM32H563IIK6, STM32H563IIT3Q, STM32H563IIT6, STM32H563MIY3QTR, STM32H563RGT6, STM32H563RGV6, STM32H563RIT6, STM32H563RIV6, STM32H563VGT6, STM32H563VIT3Q, STM32H563VIT6, STM32H563ZGT6, STM32H563ZIT3Q, STM32H563ZIT6, STM32H573AII3Q, STM32H573AII6, STM32H573I-DK, STM32H573IIK3Q, STM32H573IIK6, STM32H573IIT3Q, STM32H573IIT6, STM32H573MIY3QTR, STM32H573RIT6, STM32H573RIV6, STM32H573VIT3Q, STM32H573VIT6, STM32H573ZIT3Q, STM32H573ZIT6, STM32L4R5QGI6STR, STM32MP131AAE3, STM32MP131AAF3, STM32MP131AAG3, STM32MP131CAE3, STM32MP131CAF3, STM32MP131CAG3, STM32MP131DAE7, STM32MP131DAF7, STM32MP131DAG7, STM32MP131FAE7, STM32MP131FAF7, STM32MP131FAG7, STM32MP133AAE3, STM32MP133AAF3, STM32MP133AAG3, STM32MP133CAE3, STM32MP133CAF3, STM32MP133CAG3, STM32MP133DAE7, STM32MP133DAF7, STM32MP133DAG7, STM32MP133FAE7, STM32MP133FAF7, STM32MP133FAG7, STM32MP135AAE3, STM32MP135AAF3, STM32MP135AAG3, STM32MP135CAE3, STM32MP135CAF3, STM32MP135CAG3, STM32MP135DAE7, STM32MP135DAF7, STM32MP135DAG7, STM32MP135F-DK, STM32MP135FAE7, STM32MP135FAF7, STM32MP135FAF7T, STM32MP135FAF7U, STM32MP135FAG7, STM32U535CBT6, STM32U535CBT6Q, STM32U535CBU6, STM32U535CBU6Q, STM32U535CCT6, STM32U535CCT6Q, STM32U535CCU6, STM32U535CCU6Q, STM32U535CET6, STM32U535CET6Q, STM32U535CEU6, STM32U535CEU6Q, STM32U535JEY6QTR, STM32U535NCY6QTR, STM32U535NEY6QTR, STM32U535RBI6, STM32U535RBI6Q, STM32U535RBT6, STM32U535RBT6Q, STM32U535RCI6, STM32U535RCI6Q, STM32U535RCT6, STM32U535RCT6Q, STM32U535REI6, STM32U535REI6Q, STM32U535RET6, STM32U535RET6Q, STM32U535VCI6, STM32U535VCI6Q, STM32U535VCT6, STM32U535VCT6Q, STM32U535VEI6, STM32U535VEI6Q, STM32U535VET6, STM32U535VET6Q, STM32U545CET6, STM32U545CET6Q, STM32U545CEU6, STM32U545CEU6Q, STM32U545JEY6QTR, STM32U545NEY6QTR, STM32U545REI6, STM32U545REI6Q, STM32U545RET6, STM32U545RET6Q, STM32U545VEI6, STM32U545VEI6Q, STM32U545VET6, STM32U545VET6Q, STM32U595AIH6, STM32U595AIH6Q, STM32U595AJH6, STM32U595AJH6Q, STM32U595QII6, STM32U595QII6Q, STM32U595QJI6, STM32U595QJI6Q, STM32U595RIT6, STM32U595RIT6Q, STM32U595RJT6, STM32U595RJT6Q, STM32U595VIT6, STM32U595VIT6Q, STM32U595VJT6, STM32U595VJT6Q, STM32U595ZIT6, STM32U595ZIT6Q, STM32U595ZIY6QTR, STM32U595ZJT6, STM32U595ZJT6Q, STM32U595ZJY6QTR, STM32U599BJY6QTR, STM32U599NIH6Q, STM32U599NJH6Q, STM32U599VIT6Q, STM32U599VJT6, STM32U599VJT6Q, STM32U599ZIT6Q, STM32U599ZIY6QTR, STM32U599ZJT6Q, STM32U599ZJY6QTR, STM32U5A5AJH6, STM32U5A5AJH6Q, STM32U5A5QJI6, STM32U5A5QJI6Q, STM32U5A5RJT6, STM32U5A5RJT6Q, STM32U5A5VJT6, STM32U5A5VJT6Q, STM32U5A5ZJT6, STM32U5A5ZJT6Q, STM32U5A5ZJY6QTR, STM32U5A9BJY6QTR, STM32U5A9J-DK, STM32U5A9NJH6Q, STM32U5A9VJT6Q, STM32U5A9ZJT6Q, STM32U5A9ZJY6QTR, STM32U5F7VIT6, STM32U5F7VIT6Q, STM32U5F7VJT6, STM32U5F7VJT6Q, STM32U5F9BJY6QTR, STM32U5F9NJH6Q, STM32U5F9VIT6Q, STM32U5F9VJT6Q, STM32U5F9ZIJ6QTR, STM32U5F9ZIT6Q, STM32U5F9ZJJ6QTR, STM32U5F9ZJT6Q, STM32U5G7VJT6, STM32U5G7VJT6Q, STM32U5G9BJY6QTR, STM32U5G9J-DK1, STM32U5G9J-DK2, STM32U5G9NJH6Q, STM32U5G9VJT6Q, STM32U5G9ZJJ6QTR, STM32U5G9ZJT6Q, STM32WB1MMCH6, STM32WBA52CEU6, STM32WBA52CEU6T, STM32WBA52CGU6, STM32WBA52CGU6T, STM32WBA52KEU6, STM32WBA52KEU6T, STM32WBA52KGU6, STM32WBA52KGU6T, STM32WL5MOCH6, STM32WL5MOCH6TR]
2023-10-17 11:06:37,951 [INFO] DbMcus:217 - Found 3848 MCUs, 3848 are supported
2023-10-17 11:06:37,953 [INFO] ApiDb:423 - Load user favorites file C:\Users\mpang/.stm32cubeide/favorites.mcus.txt: 0 item(s)
2023-10-17 11:06:37,953 [INFO] ApiDb:427 - User favorites MCUs=[]
2023-10-17 11:06:37,953 [INFO] DbMcus:223 - Set 0 / 0 favorites MCUs
2023-10-17 11:06:38,506 [WARN] ThirdParty:833 - waiting for thirdparty lock release [change project]
2023-10-17 11:06:38,506 [INFO] ThirdParty:835 - entering critical section [change project]
2023-10-17 11:06:38,506 [INFO] ThirdParty:1030 - CMSIS Pack Vendor :STMicroelectronics X-CUBE-ISPU 1.1.0
2023-10-17 11:06:38,506 [INFO] ThirdParty:1030 - CMSIS Pack Vendor :STMicroelectronics USBPD 4.1
2023-10-17 11:06:38,506 [INFO] ThirdParty:1030 - CMSIS Pack Vendor :STMicroelectronics X-CUBE-GNSS1 6.0.0
2023-10-17 11:06:38,506 [INFO] ThirdParty:1030 - CMSIS Pack Vendor :STMicroelectronics USB_HOST 2.0.0
2023-10-17 11:06:38,506 [INFO] ThirdParty:1030 - CMSIS Pack Vendor :STMicroelectronics X-CUBE-AZRTOS-F4 1.1.0
2023-10-17 11:06:38,506 [INFO] ThirdParty:1030 - CMSIS Pack Vendor :STMicroelectronics LIBJPEG 8.0.0
2023-10-17 11:06:38,507 [INFO] ThirdParty:1030 - CMSIS Pack Vendor :wolfSSL I-CUBE-wolfSSL 5.6.3
2023-10-17 11:06:38,507 [INFO] ThirdParty:1030 - CMSIS Pack Vendor :STMicroelectronics X-CUBE-SMBUS 2.1.0
2023-10-17 11:06:38,507 [INFO] ThirdParty:1030 - CMSIS Pack Vendor :STMicroelectronics USB_DEVICE 3.0.0
2023-10-17 11:06:38,507 [INFO] ThirdParty:1030 - CMSIS Pack Vendor :STMicroelectronics X-CUBE-AZRTOS-WB 2.0.0
2023-10-17 11:06:38,507 [INFO] ThirdParty:1030 - CMSIS Pack Vendor :STMicroelectronics X-CUBE-AZRTOS-F7 1.1.0
2023-10-17 11:06:38,507 [INFO] ThirdParty:1030 - CMSIS Pack Vendor :STMicroelectronics X-CUBE-AZRTOS-L5 2.0.0
2023-10-17 11:06:38,507 [INFO] ThirdParty:1030 - CMSIS Pack Vendor :STMicroelectronics USB_DEVICE 2.0.0
2023-10-17 11:06:38,507 [INFO] ThirdParty:1030 - CMSIS Pack Vendor :STMicroelectronics X-CUBE-MEMS1 9.6.0
2023-10-17 11:06:38,507 [INFO] ThirdParty:1030 - CMSIS Pack Vendor :ITTIA_DB I-CUBE-ITTIADB 8.8.0
2023-10-17 11:06:38,507 [INFO] ThirdParty:1030 - CMSIS Pack Vendor :STMicroelectronics FP-SNS-MOTENV1 4.3.2
2023-10-17 11:06:38,507 [INFO] ThirdParty:1030 - CMSIS Pack Vendor :STMicroelectronics X-CUBE-ALGOBUILD 1.3.0
2023-10-17 11:06:38,507 [INFO] ThirdParty:1030 - CMSIS Pack Vendor :STMicroelectronics FreeRTOS 0.0.1
2023-10-17 11:06:38,507 [INFO] ThirdParty:1030 - CMSIS Pack Vendor :STMicroelectronics X-CUBE-AZRTOS-G0 1.1.0
2023-10-17 11:06:38,507 [INFO] ThirdParty:1030 - CMSIS Pack Vendor :STMicroelectronics X-CUBE-BLEMGR 2.0.0
2023-10-17 11:06:38,507 [INFO] ThirdParty:1030 - CMSIS Pack Vendor :STMicroelectronics X-CUBE-NFC4 3.0.0
2023-10-17 11:06:38,507 [INFO] ThirdParty:1030 - CMSIS Pack Vendor :STMicroelectronics X-CUBE-SUBG2 5.0.0
2023-10-17 11:06:38,507 [INFO] ThirdParty:1030 - CMSIS Pack Vendor :STMicroelectronics STM32_WPAN 1.0.0
2023-10-17 11:06:38,507 [INFO] ThirdParty:1030 - CMSIS Pack Vendor :STMicroelectronics lwIP 2.0.3
2023-10-17 11:06:38,507 [INFO] ThirdParty:1030 - CMSIS Pack Vendor :STMicroelectronics FP-SNS-FLIGHT1 5.0.2
2023-10-17 11:06:38,507 [INFO] ThirdParty:1030 - CMSIS Pack Vendor :STMicroelectronics USB_HOST 1.0.0
2023-10-17 11:06:38,508 [INFO] ThirdParty:1030 - CMSIS Pack Vendor :STMicroelectronics X-CUBE-TOF1 3.3.1
2023-10-17 11:06:38,508 [INFO] ThirdParty:1030 - CMSIS Pack Vendor :STMicroelectronics X-CUBE-AZRTOS-G4 2.0.0
2023-10-17 11:06:38,508 [INFO] ThirdParty:1030 - CMSIS Pack Vendor :STMicroelectronics PDM2PCM 3.1.0
2023-10-17 11:06:38,508 [INFO] ThirdParty:1030 - CMSIS Pack Vendor :STMicroelectronics X-CUBE-AZRTOS-H7 3.1.0
2023-10-17 11:06:38,508 [INFO] ThirdParty:1030 - CMSIS Pack Vendor :Infineon AIROC-Wi-Fi-Bluetooth-STM32 1.5.1
2023-10-17 11:06:38,508 [INFO] ThirdParty:1030 - CMSIS Pack Vendor :STMicroelectronics PDM2PCM 3.3.0
2023-10-17 11:06:38,508 [INFO] ThirdParty:1030 - CMSIS Pack Vendor :STMicroelectronics X-CUBE-DISPLAY 3.0.0
2023-10-17 11:06:38,508 [INFO] ThirdParty:1030 - CMSIS Pack Vendor :STMicroelectronics X-CUBE-BLE1 7.0.0
2023-10-17 11:06:38,508 [INFO] ThirdParty:1030 - CMSIS Pack Vendor :STMicroelectronics FP-ATR-SIGFOX1 3.2.0
2023-10-17 11:06:38,508 [INFO] ThirdParty:1030 - CMSIS Pack Vendor :STMicroelectronics HAL Drivers 0.0.0
2023-10-17 11:06:38,508 [INFO] ThirdParty:1030 - CMSIS Pack Vendor :STMicroelectronics MBEDTLS 2.16.2
2023-10-17 11:06:38,508 [INFO] ThirdParty:1030 - CMSIS Pack Vendor :emotas I-CUBE-CANOPEN 1.3.0
2023-10-17 11:06:38,508 [INFO] ThirdParty:1030 - CMSIS Pack Vendor :STMicroelectronics X-CUBE-FREERTOS 1.1.0
2023-10-17 11:06:38,508 [INFO] ThirdParty:1030 - CMSIS Pack Vendor :STMicroelectronics X-CUBE-TOUCHGFX 4.22.0
2023-10-17 11:06:38,508 [INFO] ThirdParty:1030 - CMSIS Pack Vendor :STMicroelectronics X-CUBE-NFC7 1.0.1
2023-10-17 11:06:38,508 [INFO] ThirdParty:1030 - CMSIS Pack Vendor :STMicroelectronics MBEDTLS 2.14.1
2023-10-17 11:06:38,508 [INFO] ThirdParty:1030 - CMSIS Pack Vendor :STMicroelectronics X-CUBE-TOUCHGFX 4.22.1
2023-10-17 11:06:38,508 [INFO] ThirdParty:1030 - CMSIS Pack Vendor :STMicroelectronics X-CUBE-NFC6 3.0.0
2023-10-17 11:06:38,508 [INFO] ThirdParty:1030 - CMSIS Pack Vendor :STMicroelectronics X-CUBE-EEPRMA1 4.1.0
2023-10-17 11:06:38,508 [INFO] ThirdParty:1030 - CMSIS Pack Vendor :portGmbH I-Cube-SoM-uGOAL 1.1.0
2023-10-17 11:06:38,508 [INFO] ThirdParty:1030 - CMSIS Pack Vendor :STMicroelectronics X-CUBE-ALS 1.0.1
2023-10-17 11:06:38,509 [INFO] ThirdParty:1030 - CMSIS Pack Vendor :STMicroelectronics ThreadX 1.0.0
2023-10-17 11:06:38,509 [INFO] ThirdParty:1030 - CMSIS Pack Vendor :STMicroelectronics FP-SNS-SMARTAG2 1.2.0
2023-10-17 11:06:38,509 [INFO] ThirdParty:1030 - CMSIS Pack Vendor :STMicroelectronics X-CUBE-AZRTOS-WL 2.0.0
2023-10-17 11:06:38,509 [INFO] ThirdParty:1030 - CMSIS Pack Vendor :SEGGER I-CUBE-embOS 1.3.1
2023-10-17 11:06:38,509 [INFO] ThirdParty:1030 - CMSIS Pack Vendor :STMicroelectronics USB_DEVICE 1.0.0
2023-10-17 11:06:38,509 [INFO] ThirdParty:1030 - CMSIS Pack Vendor :STMicroelectronics X-CUBE-AI 8.1.0
2023-10-17 11:06:38,509 [INFO] ThirdParty:1030 - CMSIS Pack Vendor :STMicroelectronics X-CUBE-AZRTOS-L4 2.0.0
2023-10-17 11:06:38,509 [INFO] ThirdParty:1030 - CMSIS Pack Vendor :STMicroelectronics ThreadX 0.0.2
2023-10-17 11:06:38,509 [INFO] ThirdParty:1030 - CMSIS Pack Vendor :WES I-CUBE-Cesium 1.3.0
2023-10-17 11:06:38,509 [INFO] ThirdParty:1030 - CMSIS Pack Vendor :STMicroelectronics FP-ATR-ASTRA1 2.0.0
2023-10-17 11:06:38,509 [INFO] ThirdParty:1030 - CMSIS Pack Vendor :STMicroelectronics lwIP 2.1.2
2023-10-17 11:06:38,509 [INFO] ThirdParty:1030 - CMSIS Pack Vendor :STMicroelectronics X-CUBE-SFXS2LP1 4.0.0
2023-10-17 11:06:38,509 [INFO] ThirdParty:1030 - CMSIS Pack Vendor :STMicroelectronics X-CUBE-BLE2 3.3.0
2023-10-17 11:06:38,510 [INFO] ThirdParty:1030 - CMSIS Pack Vendor :STMicroelectronics PDM2PCM 3.2.0
2023-10-17 11:06:38,510 [INFO] ThirdParty:841 - exiting critical section [change project]
2023-10-17 11:06:39,038 [INFO] PinOutPanel:1499 - setPackage(No Configuration,No Configuration)
2023-10-17 11:06:39,041 [INFO] PinOutPanel:1499 - setPackage(STM32F051C6Tx,LQFP48)
2023-10-17 11:06:40,227 [INFO] UtilMem:75 - Before build in PCC Used Memory: 503308496 Bytes (1037041664)
2023-10-17 11:06:41,557 [INFO] UtilMem:75 - After build in PCC Used Memory: 578027760 Bytes (1037041664)
2023-10-17 11:06:41,598 [INFO] IPUIPlugin:80 - create IPUIPlugin
2023-10-17 11:06:41,599 [INFO] IPUIPlugin:80 - create IPUIPlugin
2023-10-17 11:06:41,599 [INFO] IPUIPlugin:80 - create IPUIPlugin
2023-10-17 11:06:41,599 [INFO] IPUIPlugin:80 - create IPUIPlugin
2023-10-17 11:06:41,599 [INFO] IPUIPlugin:80 - create IPUIPlugin
2023-10-17 11:06:41,599 [INFO] IPUIPlugin:80 - create IPUIPlugin
2023-10-17 11:06:41,599 [INFO] IPUIPlugin:80 - create IPUIPlugin
2023-10-17 11:06:41,599 [INFO] IPUIPlugin:80 - create IPUIPlugin
2023-10-17 11:06:41,600 [INFO] IPUIPlugin:80 - create IPUIPlugin
2023-10-17 11:06:41,600 [INFO] IPUIPlugin:80 - create IPUIPlugin
2023-10-17 11:06:41,600 [INFO] IPUIPlugin:80 - create IPUIPlugin
2023-10-17 11:06:41,600 [INFO] IPUIPlugin:80 - create IPUIPlugin
2023-10-17 11:06:41,600 [INFO] IPUIPlugin:80 - create IPUIPlugin
2023-10-17 11:06:41,600 [INFO] IPUIPlugin:80 - create IPUIPlugin
2023-10-17 11:06:41,601 [INFO] IPUIPlugin:80 - create IPUIPlugin
2023-10-17 11:06:41,601 [INFO] IPUIPlugin:80 - create IPUIPlugin
2023-10-17 11:06:41,601 [INFO] IPUIPlugin:80 - create IPUIPlugin
2023-10-17 11:06:41,601 [INFO] IPUIPlugin:80 - create IPUIPlugin
2023-10-17 11:06:41,602 [INFO] IPUIPlugin:80 - create IPUIPlugin
2023-10-17 11:06:41,602 [INFO] IPUIPlugin:80 - create IPUIPlugin
2023-10-17 11:06:41,602 [INFO] IPUIPlugin:80 - create IPUIPlugin
2023-10-17 11:06:41,602 [INFO] IPUIPlugin:80 - create IPUIPlugin
2023-10-17 11:06:41,603 [INFO] IPUIPlugin:80 - create IPUIPlugin
2023-10-17 11:06:41,603 [INFO] IPUIPlugin:80 - create IPUIPlugin
2023-10-17 11:06:41,603 [INFO] IPUIPlugin:80 - create IPUIPlugin
2023-10-17 11:06:41,603 [INFO] IPUIPlugin:80 - create IPUIPlugin
2023-10-17 11:06:41,603 [INFO] IPUIPlugin:80 - create IPUIPlugin
2023-10-17 11:06:41,603 [INFO] IPUIPlugin:80 - create IPUIPlugin
2023-10-17 11:06:41,604 [INFO] IPUIPlugin:80 - create IPUIPlugin
2023-10-17 11:06:41,604 [INFO] IPUIPlugin:80 - create IPUIPlugin
2023-10-17 11:06:41,604 [INFO] IPUIPlugin:80 - create IPUIPlugin
2023-10-17 11:06:41,604 [INFO] IPUIPlugin:80 - create IPUIPlugin
2023-10-17 11:06:41,960 [INFO] CADModel:165 - CPN selected for project levelSTM32F051C6T6
2023-10-17 11:06:41,960 [INFO] CADModel:114 - Register for checkConnection events
2023-10-17 11:06:42,033 [INFO] OpenFileManager:328 - Restore cursor
2023-10-17 11:10:27,631 [INFO] UtilMem:75 - End SaveConfig() Used Memory: 816760504 Bytes (1037041664)
2023-10-17 11:10:40,549 [INFO] UtilMem:75 - End SaveConfig() Used Memory: 507446944 Bytes (1037041664)
2023-10-17 11:10:41,179 [INFO] BlockDiagram:2759 - set Specific Code input for plugin: ADC
2023-10-17 11:10:41,179 [INFO] BlockDiagram:2759 - set Specific Code input for plugin: NVIC
2023-10-17 11:10:41,179 [INFO] BlockDiagram:2759 - set Specific Code input for plugin: TIM1_8F0
2023-10-17 11:10:41,179 [INFO] BlockDiagram:2759 - set Specific Code input for plugin: SYS
2023-10-17 11:10:41,180 [INFO] BlockDiagram:2759 - set Specific Code input for plugin: GPIO
2023-10-17 11:10:41,180 [INFO] BlockDiagram:2759 - set Specific Code input for plugin: RCC
2023-10-17 11:10:41,183 [INFO] CodeGenerator:799 - code generatio: config db path: C:/Users/mpang/.stm32cubemx/databases/DB.6.0.81/db/
2023-10-17 11:10:41,579 [INFO] CodeEngine:255 - oldGeneratedFile, C:\Users\mpang\OneDrive\Documents\EEE3095S\EEE3096S-2023-main\EEE3096S-2023-main\WorkPackage2\Prac2_student\MXTmpFiles\license.tmp_save
2023-10-17 11:10:42,191 [INFO] CodeEngine:279 - Generated code: C:\Users\mpang\OneDrive\Documents\EEE3095S\EEE3096S-2023-main\EEE3096S-2023-main\WorkPackage2\Prac2_student\MXTmpFiles\license.tmp
2023-10-17 11:10:42,468 [INFO] CodeEngine:255 - oldGeneratedFile, C:\Users\mpang\OneDrive\Documents\EEE3095S\EEE3096S-2023-main\EEE3096S-2023-main\WorkPackage2\Prac2_student\MXTmpFiles\gpio.tmp_save
2023-10-17 11:10:42,657 [INFO] CodeEngine:279 - Generated code: C:\Users\mpang\OneDrive\Documents\EEE3095S\EEE3096S-2023-main\EEE3096S-2023-main\WorkPackage2\Prac2_student\MXTmpFiles\gpio.tmp
2023-10-17 11:10:42,938 [INFO] CodeEngine:255 - oldGeneratedFile, C:\Users\mpang\OneDrive\Documents\EEE3095S\EEE3096S-2023-main\EEE3096S-2023-main\WorkPackage2\Prac2_student\Core\Src\stm32f0xx_it.c_save
2023-10-17 11:10:43,102 [INFO] CodeEngine:279 - Generated code: C:\Users\mpang\OneDrive\Documents\EEE3095S\EEE3096S-2023-main\EEE3096S-2023-main\WorkPackage2\Prac2_student\Core\Src\stm32f0xx_it.c
2023-10-17 11:10:43,120 [INFO] CodeEngine:255 - oldGeneratedFile, C:\Users\mpang\OneDrive\Documents\EEE3095S\EEE3096S-2023-main\EEE3096S-2023-main\WorkPackage2\Prac2_student\Core\Inc\stm32f0xx_it.h_save
2023-10-17 11:10:43,225 [INFO] CodeEngine:279 - Generated code: C:\Users\mpang\OneDrive\Documents\EEE3095S\EEE3096S-2023-main\EEE3096S-2023-main\WorkPackage2\Prac2_student\Core\Inc\stm32f0xx_it.h
2023-10-17 11:10:43,271 [INFO] CodeEngine:255 - oldGeneratedFile, C:\Users\mpang\OneDrive\Documents\EEE3095S\EEE3096S-2023-main\EEE3096S-2023-main\WorkPackage2\Prac2_student\Core\Src\stm32f0xx_hal_msp.c_save
2023-10-17 11:10:43,505 [INFO] CodeEngine:279 - Generated code: C:\Users\mpang\OneDrive\Documents\EEE3095S\EEE3096S-2023-main\EEE3096S-2023-main\WorkPackage2\Prac2_student\Core\Src\stm32f0xx_hal_msp.c
2023-10-17 11:10:43,523 [INFO] CodeEngine:255 - oldGeneratedFile, C:\Users\mpang\OneDrive\Documents\EEE3095S\EEE3096S-2023-main\EEE3096S-2023-main\WorkPackage2\Prac2_student\MXTmpFiles\system.tmp_save
2023-10-17 11:10:43,639 [INFO] CodeEngine:279 - Generated code: C:\Users\mpang\OneDrive\Documents\EEE3095S\EEE3096S-2023-main\EEE3096S-2023-main\WorkPackage2\Prac2_student\MXTmpFiles\system.tmp
2023-10-17 11:10:43,657 [INFO] CodeEngine:255 - oldGeneratedFile, C:\Users\mpang\OneDrive\Documents\EEE3095S\EEE3096S-2023-main\EEE3096S-2023-main\WorkPackage2\Prac2_student\Core\Inc\stm32_assert.h_save
2023-10-17 11:10:43,765 [INFO] CodeEngine:279 - Generated code: C:\Users\mpang\OneDrive\Documents\EEE3095S\EEE3096S-2023-main\EEE3096S-2023-main\WorkPackage2\Prac2_student\Core\Inc\stm32_assert.h
2023-10-17 11:10:43,804 [INFO] CodeEngine:311 - oldGeneratedFile, C:\Users\mpang\OneDrive\Documents\EEE3095S\EEE3096S-2023-main\EEE3096S-2023-main\WorkPackage2\Prac2_student\Core\Inc\stm32f0xx_hal_conf.h_save
2023-10-17 11:10:43,921 [INFO] CodeEngine:335 - Generated code: C:\Users\mpang\OneDrive\Documents\EEE3095S\EEE3096S-2023-main\EEE3096S-2023-main\WorkPackage2\Prac2_student\Core\Inc\stm32f0xx_hal_conf.h
2023-10-17 11:10:43,955 [WARN] IPConfigManager:2937 - Warning: the RefConfig RCC_LSEDRIVE_CONFIG is not available in your config.xml file
2023-10-17 11:10:43,960 [WARN] IPConfigManager:2937 - Warning: the RefConfig RCC_ClockConfig is not available in your config.xml file
2023-10-17 11:10:43,961 [WARN] IPConfigManager:2937 - Warning: the RefConfig RCC_MCOConfig is not available in your config.xml file
2023-10-17 11:10:43,961 [WARN] IPConfigManager:2937 - Warning: the RefConfig RCC_interrupt_Time_SYSTICK_Config is not available in your config.xml file
2023-10-17 11:10:43,961 [WARN] IPConfigManager:2937 - Warning: the RefConfig RCC_SYSTICK_CONFIG is not available in your config.xml file
2023-10-17 11:10:43,982 [WARN] IPConfigManager:3431 - IP not found : TIM
2023-10-17 11:10:43,984 [WARN] CodeGenerator:3760 - IP not found : null
2023-10-17 11:10:44,002 [INFO] CodeEngine:255 - oldGeneratedFile, C:\Users\mpang\OneDrive\Documents\EEE3095S\EEE3096S-2023-main\EEE3096S-2023-main\WorkPackage2\Prac2_student\Core\Inc\main.h_save
2023-10-17 11:10:44,111 [INFO] CodeEngine:279 - Generated code: C:\Users\mpang\OneDrive\Documents\EEE3095S\EEE3096S-2023-main\EEE3096S-2023-main\WorkPackage2\Prac2_student\Core\Inc\main.h
2023-10-17 11:10:44,126 [INFO] CodeEngine:255 - oldGeneratedFile, C:\Users\mpang\OneDrive\Documents\EEE3095S\EEE3096S-2023-main\EEE3096S-2023-main\WorkPackage2\Prac2_student\Core\Src\main.c_save
2023-10-17 11:10:44,329 [INFO] CodeEngine:279 - Generated code: C:\Users\mpang\OneDrive\Documents\EEE3095S\EEE3096S-2023-main\EEE3096S-2023-main\WorkPackage2\Prac2_student\Core\Src\main.c
2023-10-17 11:10:45,481 [INFO] ProjectBuilder:3064 - Time for Copy HAL[1] : 382mS.
2023-10-17 11:10:45,494 [INFO] ProjectBuilder:4404 - Project Generator version: 4.1.0
2023-10-17 11:10:45,758 [INFO] ConfigFileManager:1457 - The Die is : DIE440
2023-10-17 11:10:45,775 [INFO] ApiDbMcu:507 - Load IP Config File for FATFS
2023-10-17 11:10:45,783 [INFO] ApiDbMcu:507 - Load IP Config File for FREERTOS
2023-10-17 11:10:45,803 [INFO] ApiDbMcu:507 - Load IP Config File for TOUCHSENSING
2023-10-17 11:10:47,181 [INFO] LogOutputStream:77 - [STDOUT_REDIRECT] 
2023-10-17 11:10:47,461 [ERROR] :77 - Fail to recover any existing build configuration matching on going update process
2023-10-17 11:10:47,463 [INFO] ProjectBuilder:4626 - Time for Generating toolchain IDE Files: 1969mS.
2023-10-17 11:10:47,477 [INFO] ProjectBuilder:2935 - Time for Copy CMSIS : 13mS.
2023-10-17 11:10:47,487 [INFO] ProjectBuilder:2935 - Time for Copy CMSIS : 0mS.
2023-10-17 11:26:15,477 [INFO] UtilMem:75 - End SaveConfig() Used Memory: 677942544 Bytes (1073741824)
2023-10-17 11:26:15,779 [INFO] BlockDiagram:2759 - set Specific Code input for plugin: ADC
2023-10-17 11:26:15,779 [INFO] BlockDiagram:2759 - set Specific Code input for plugin: NVIC
2023-10-17 11:26:15,779 [INFO] BlockDiagram:2759 - set Specific Code input for plugin: TIM1_8F0
2023-10-17 11:26:15,779 [INFO] BlockDiagram:2759 - set Specific Code input for plugin: SYS
2023-10-17 11:26:15,780 [INFO] BlockDiagram:2759 - set Specific Code input for plugin: GPIO
2023-10-17 11:26:15,780 [INFO] BlockDiagram:2759 - set Specific Code input for plugin: RCC
2023-10-17 11:26:15,783 [INFO] CodeGenerator:799 - code generatio: config db path: C:/Users/mpang/.stm32cubemx/databases/DB.6.0.81/db/
2023-10-17 11:26:15,946 [INFO] CodeEngine:255 - oldGeneratedFile, C:\Users\mpang\OneDrive\Documents\EEE3095S\EEE3096S-2023-main\EEE3096S-2023-main\WorkPackage2\Prac2_student\MXTmpFiles\license.tmp_save
2023-10-17 11:26:16,098 [INFO] CodeEngine:279 - Generated code: C:\Users\mpang\OneDrive\Documents\EEE3095S\EEE3096S-2023-main\EEE3096S-2023-main\WorkPackage2\Prac2_student\MXTmpFiles\license.tmp
2023-10-17 11:26:16,184 [INFO] CodeEngine:255 - oldGeneratedFile, C:\Users\mpang\OneDrive\Documents\EEE3095S\EEE3096S-2023-main\EEE3096S-2023-main\WorkPackage2\Prac2_student\MXTmpFiles\gpio.tmp_save
2023-10-17 11:26:16,281 [INFO] CodeEngine:279 - Generated code: C:\Users\mpang\OneDrive\Documents\EEE3095S\EEE3096S-2023-main\EEE3096S-2023-main\WorkPackage2\Prac2_student\MXTmpFiles\gpio.tmp
2023-10-17 11:26:16,567 [INFO] CodeEngine:255 - oldGeneratedFile, C:\Users\mpang\OneDrive\Documents\EEE3095S\EEE3096S-2023-main\EEE3096S-2023-main\WorkPackage2\Prac2_student\Core\Src\stm32f0xx_it.c_save
2023-10-17 11:26:16,785 [INFO] CodeEngine:279 - Generated code: C:\Users\mpang\OneDrive\Documents\EEE3095S\EEE3096S-2023-main\EEE3096S-2023-main\WorkPackage2\Prac2_student\Core\Src\stm32f0xx_it.c
2023-10-17 11:26:16,801 [INFO] CodeEngine:255 - oldGeneratedFile, C:\Users\mpang\OneDrive\Documents\EEE3095S\EEE3096S-2023-main\EEE3096S-2023-main\WorkPackage2\Prac2_student\Core\Inc\stm32f0xx_it.h_save
2023-10-17 11:26:16,888 [INFO] CodeEngine:279 - Generated code: C:\Users\mpang\OneDrive\Documents\EEE3095S\EEE3096S-2023-main\EEE3096S-2023-main\WorkPackage2\Prac2_student\Core\Inc\stm32f0xx_it.h
2023-10-17 11:26:16,917 [INFO] CodeEngine:255 - oldGeneratedFile, C:\Users\mpang\OneDrive\Documents\EEE3095S\EEE3096S-2023-main\EEE3096S-2023-main\WorkPackage2\Prac2_student\Core\Src\stm32f0xx_hal_msp.c_save
2023-10-17 11:26:17,067 [INFO] CodeEngine:279 - Generated code: C:\Users\mpang\OneDrive\Documents\EEE3095S\EEE3096S-2023-main\EEE3096S-2023-main\WorkPackage2\Prac2_student\Core\Src\stm32f0xx_hal_msp.c
2023-10-17 11:26:17,078 [INFO] CodeEngine:255 - oldGeneratedFile, C:\Users\mpang\OneDrive\Documents\EEE3095S\EEE3096S-2023-main\EEE3096S-2023-main\WorkPackage2\Prac2_student\MXTmpFiles\system.tmp_save
2023-10-17 11:26:17,149 [INFO] CodeEngine:279 - Generated code: C:\Users\mpang\OneDrive\Documents\EEE3095S\EEE3096S-2023-main\EEE3096S-2023-main\WorkPackage2\Prac2_student\MXTmpFiles\system.tmp
2023-10-17 11:26:17,162 [INFO] CodeEngine:255 - oldGeneratedFile, C:\Users\mpang\OneDrive\Documents\EEE3095S\EEE3096S-2023-main\EEE3096S-2023-main\WorkPackage2\Prac2_student\Core\Inc\stm32_assert.h_save
2023-10-17 11:26:17,238 [INFO] CodeEngine:279 - Generated code: C:\Users\mpang\OneDrive\Documents\EEE3095S\EEE3096S-2023-main\EEE3096S-2023-main\WorkPackage2\Prac2_student\Core\Inc\stm32_assert.h
2023-10-17 11:26:17,260 [INFO] CodeEngine:311 - oldGeneratedFile, C:\Users\mpang\OneDrive\Documents\EEE3095S\EEE3096S-2023-main\EEE3096S-2023-main\WorkPackage2\Prac2_student\Core\Inc\stm32f0xx_hal_conf.h_save
2023-10-17 11:26:17,340 [INFO] CodeEngine:335 - Generated code: C:\Users\mpang\OneDrive\Documents\EEE3095S\EEE3096S-2023-main\EEE3096S-2023-main\WorkPackage2\Prac2_student\Core\Inc\stm32f0xx_hal_conf.h
2023-10-17 11:26:17,361 [WARN] IPConfigManager:2937 - Warning: the RefConfig RCC_LSEDRIVE_CONFIG is not available in your config.xml file
2023-10-17 11:26:17,365 [WARN] IPConfigManager:2937 - Warning: the RefConfig RCC_ClockConfig is not available in your config.xml file
2023-10-17 11:26:17,366 [WARN] IPConfigManager:2937 - Warning: the RefConfig RCC_MCOConfig is not available in your config.xml file
2023-10-17 11:26:17,366 [WARN] IPConfigManager:2937 - Warning: the RefConfig RCC_interrupt_Time_SYSTICK_Config is not available in your config.xml file
2023-10-17 11:26:17,366 [WARN] IPConfigManager:2937 - Warning: the RefConfig RCC_SYSTICK_CONFIG is not available in your config.xml file
2023-10-17 11:26:17,372 [WARN] IPConfigManager:3431 - IP not found : TIM
2023-10-17 11:26:17,373 [WARN] CodeGenerator:3760 - IP not found : null
2023-10-17 11:26:17,394 [INFO] CodeEngine:255 - oldGeneratedFile, C:\Users\mpang\OneDrive\Documents\EEE3095S\EEE3096S-2023-main\EEE3096S-2023-main\WorkPackage2\Prac2_student\Core\Inc\main.h_save
2023-10-17 11:26:17,500 [INFO] CodeEngine:279 - Generated code: C:\Users\mpang\OneDrive\Documents\EEE3095S\EEE3096S-2023-main\EEE3096S-2023-main\WorkPackage2\Prac2_student\Core\Inc\main.h
2023-10-17 11:26:17,517 [INFO] CodeEngine:255 - oldGeneratedFile, C:\Users\mpang\OneDrive\Documents\EEE3095S\EEE3096S-2023-main\EEE3096S-2023-main\WorkPackage2\Prac2_student\Core\Src\main.c_save
2023-10-17 11:26:17,697 [INFO] CodeEngine:279 - Generated code: C:\Users\mpang\OneDrive\Documents\EEE3095S\EEE3096S-2023-main\EEE3096S-2023-main\WorkPackage2\Prac2_student\Core\Src\main.c
2023-10-17 11:26:18,648 [INFO] ProjectBuilder:3064 - Time for Copy HAL[1] : 412mS.
2023-10-17 11:26:18,657 [INFO] ProjectBuilder:4404 - Project Generator version: 4.1.0
2023-10-17 11:26:18,831 [INFO] ConfigFileManager:1457 - The Die is : DIE440
2023-10-17 11:26:20,129 [ERROR] :77 - Fail to recover any existing build configuration matching on going update process
2023-10-17 11:26:20,130 [INFO] ProjectBuilder:4626 - Time for Generating toolchain IDE Files: 1473mS.
2023-10-17 11:26:20,131 [INFO] ProjectBuilder:2935 - Time for Copy CMSIS : 1mS.
2023-10-17 11:26:20,139 [INFO] ProjectBuilder:2935 - Time for Copy CMSIS : 0mS.
2023-10-17 11:41:38,124 [INFO] UtilMem:75 - End SaveConfig() Used Memory: 597280232 Bytes (1073741824)
2023-10-17 11:41:41,102 [INFO] UtilMem:75 - End SaveConfig() Used Memory: 645317200 Bytes (1073741824)
2023-10-17 11:41:41,427 [INFO] BlockDiagram:2759 - set Specific Code input for plugin: ADC
2023-10-17 11:41:41,427 [INFO] BlockDiagram:2759 - set Specific Code input for plugin: NVIC
2023-10-17 11:41:41,427 [INFO] BlockDiagram:2759 - set Specific Code input for plugin: TIM1_8F0
2023-10-17 11:41:41,427 [INFO] BlockDiagram:2759 - set Specific Code input for plugin: SYS
2023-10-17 11:41:41,428 [INFO] BlockDiagram:2759 - set Specific Code input for plugin: GPIO
2023-10-17 11:41:41,428 [INFO] BlockDiagram:2759 - set Specific Code input for plugin: RCC
2023-10-17 11:41:41,431 [INFO] CodeGenerator:799 - code generatio: config db path: C:/Users/mpang/.stm32cubemx/databases/DB.6.0.81/db/
2023-10-17 11:41:41,616 [INFO] CodeEngine:255 - oldGeneratedFile, C:\Users\mpang\OneDrive\Documents\EEE3095S\EEE3096S-2023-main\EEE3096S-2023-main\WorkPackage2\Prac2_student\MXTmpFiles\license.tmp_save
2023-10-17 11:41:41,805 [INFO] CodeEngine:279 - Generated code: C:\Users\mpang\OneDrive\Documents\EEE3095S\EEE3096S-2023-main\EEE3096S-2023-main\WorkPackage2\Prac2_student\MXTmpFiles\license.tmp
2023-10-17 11:41:41,901 [INFO] CodeEngine:255 - oldGeneratedFile, C:\Users\mpang\OneDrive\Documents\EEE3095S\EEE3096S-2023-main\EEE3096S-2023-main\WorkPackage2\Prac2_student\MXTmpFiles\gpio.tmp_save
2023-10-17 11:41:41,981 [INFO] CodeEngine:279 - Generated code: C:\Users\mpang\OneDrive\Documents\EEE3095S\EEE3096S-2023-main\EEE3096S-2023-main\WorkPackage2\Prac2_student\MXTmpFiles\gpio.tmp
2023-10-17 11:41:42,137 [INFO] CodeEngine:255 - oldGeneratedFile, C:\Users\mpang\OneDrive\Documents\EEE3095S\EEE3096S-2023-main\EEE3096S-2023-main\WorkPackage2\Prac2_student\Core\Src\stm32f0xx_it.c_save
2023-10-17 11:41:42,414 [INFO] CodeEngine:279 - Generated code: C:\Users\mpang\OneDrive\Documents\EEE3095S\EEE3096S-2023-main\EEE3096S-2023-main\WorkPackage2\Prac2_student\Core\Src\stm32f0xx_it.c
2023-10-17 11:41:42,436 [INFO] CodeEngine:255 - oldGeneratedFile, C:\Users\mpang\OneDrive\Documents\EEE3095S\EEE3096S-2023-main\EEE3096S-2023-main\WorkPackage2\Prac2_student\Core\Inc\stm32f0xx_it.h_save
2023-10-17 11:41:42,530 [INFO] CodeEngine:279 - Generated code: C:\Users\mpang\OneDrive\Documents\EEE3095S\EEE3096S-2023-main\EEE3096S-2023-main\WorkPackage2\Prac2_student\Core\Inc\stm32f0xx_it.h
2023-10-17 11:41:42,566 [INFO] CodeEngine:255 - oldGeneratedFile, C:\Users\mpang\OneDrive\Documents\EEE3095S\EEE3096S-2023-main\EEE3096S-2023-main\WorkPackage2\Prac2_student\Core\Src\stm32f0xx_hal_msp.c_save
2023-10-17 11:41:42,750 [INFO] CodeEngine:279 - Generated code: C:\Users\mpang\OneDrive\Documents\EEE3095S\EEE3096S-2023-main\EEE3096S-2023-main\WorkPackage2\Prac2_student\Core\Src\stm32f0xx_hal_msp.c
2023-10-17 11:41:42,766 [INFO] CodeEngine:255 - oldGeneratedFile, C:\Users\mpang\OneDrive\Documents\EEE3095S\EEE3096S-2023-main\EEE3096S-2023-main\WorkPackage2\Prac2_student\MXTmpFiles\system.tmp_save
2023-10-17 11:41:42,849 [INFO] CodeEngine:279 - Generated code: C:\Users\mpang\OneDrive\Documents\EEE3095S\EEE3096S-2023-main\EEE3096S-2023-main\WorkPackage2\Prac2_student\MXTmpFiles\system.tmp
2023-10-17 11:41:42,863 [INFO] CodeEngine:255 - oldGeneratedFile, C:\Users\mpang\OneDrive\Documents\EEE3095S\EEE3096S-2023-main\EEE3096S-2023-main\WorkPackage2\Prac2_student\Core\Inc\stm32_assert.h_save
2023-10-17 11:41:42,932 [INFO] CodeEngine:279 - Generated code: C:\Users\mpang\OneDrive\Documents\EEE3095S\EEE3096S-2023-main\EEE3096S-2023-main\WorkPackage2\Prac2_student\Core\Inc\stm32_assert.h
2023-10-17 11:41:42,951 [INFO] CodeEngine:311 - oldGeneratedFile, C:\Users\mpang\OneDrive\Documents\EEE3095S\EEE3096S-2023-main\EEE3096S-2023-main\WorkPackage2\Prac2_student\Core\Inc\stm32f0xx_hal_conf.h_save
2023-10-17 11:41:43,016 [INFO] CodeEngine:335 - Generated code: C:\Users\mpang\OneDrive\Documents\EEE3095S\EEE3096S-2023-main\EEE3096S-2023-main\WorkPackage2\Prac2_student\Core\Inc\stm32f0xx_hal_conf.h
2023-10-17 11:41:43,030 [WARN] IPConfigManager:2937 - Warning: the RefConfig RCC_LSEDRIVE_CONFIG is not available in your config.xml file
2023-10-17 11:41:43,033 [WARN] IPConfigManager:2937 - Warning: the RefConfig RCC_ClockConfig is not available in your config.xml file
2023-10-17 11:41:43,033 [WARN] IPConfigManager:2937 - Warning: the RefConfig RCC_MCOConfig is not available in your config.xml file
2023-10-17 11:41:43,033 [WARN] IPConfigManager:2937 - Warning: the RefConfig RCC_interrupt_Time_SYSTICK_Config is not available in your config.xml file
2023-10-17 11:41:43,033 [WARN] IPConfigManager:2937 - Warning: the RefConfig RCC_SYSTICK_CONFIG is not available in your config.xml file
2023-10-17 11:41:43,038 [WARN] IPConfigManager:3431 - IP not found : TIM
2023-10-17 11:41:43,038 [WARN] CodeGenerator:3760 - IP not found : null
2023-10-17 11:41:43,051 [INFO] CodeEngine:255 - oldGeneratedFile, C:\Users\mpang\OneDrive\Documents\EEE3095S\EEE3096S-2023-main\EEE3096S-2023-main\WorkPackage2\Prac2_student\Core\Inc\main.h_save
2023-10-17 11:41:43,137 [INFO] CodeEngine:279 - Generated code: C:\Users\mpang\OneDrive\Documents\EEE3095S\EEE3096S-2023-main\EEE3096S-2023-main\WorkPackage2\Prac2_student\Core\Inc\main.h
2023-10-17 11:41:43,149 [INFO] CodeEngine:255 - oldGeneratedFile, C:\Users\mpang\OneDrive\Documents\EEE3095S\EEE3096S-2023-main\EEE3096S-2023-main\WorkPackage2\Prac2_student\Core\Src\main.c_save
2023-10-17 11:41:43,272 [INFO] CodeEngine:279 - Generated code: C:\Users\mpang\OneDrive\Documents\EEE3095S\EEE3096S-2023-main\EEE3096S-2023-main\WorkPackage2\Prac2_student\Core\Src\main.c
2023-10-17 11:41:44,137 [INFO] ProjectBuilder:3064 - Time for Copy HAL[1] : 368mS.
2023-10-17 11:41:44,144 [INFO] ProjectBuilder:4404 - Project Generator version: 4.1.0
2023-10-17 11:41:44,349 [INFO] ConfigFileManager:1457 - The Die is : DIE440
2023-10-17 11:41:45,452 [ERROR] :77 - Fail to recover any existing build configuration matching on going update process
2023-10-17 11:41:45,453 [INFO] ProjectBuilder:4626 - Time for Generating toolchain IDE Files: 1309mS.
2023-10-17 11:41:45,455 [INFO] ProjectBuilder:2935 - Time for Copy CMSIS : 2mS.
2023-10-17 11:41:45,463 [INFO] ProjectBuilder:2935 - Time for Copy CMSIS : 1mS.
